<?xml version="1.0" encoding="UTF-8"?>
<testsuite xmlns:xsi="http://www.w3.org/2001/XMLSchema-instance" xsi:noNamespaceSchemaLocation="https://maven.apache.org/surefire/maven-surefire-plugin/xsd/surefire-test-report-3.0.xsd" version="3.0" name="Scenario: Admin user Edit/Delete Employee" time="11.69" tests="9" errors="0" skipped="0" failures="0">
  <properties>
[...]
</properties>
  <testcase name="Scenario: Admin user Edit/Delete Employee" classname="Scenario: Admin user Edit/Delete Employee" time="0"/>
  <testcase name="Given An Admin" classname="Scenario: Admin user Edit/Delete Employee" time="0"/>
  <testcase name="When I can browse to the site" classname="Scenario: Admin user Edit/Delete Employee" time="0"/>
  <testcase name="Then Ableto Admin Dashboard page should display" classname="Scenario: Admin user Edit/Delete Employee" time="0"/>
  <testcase name="When I can select the Action Edit" classname="Scenario: Admin user Edit/Delete Employee" time="0"/>
  <testcase name="Then I can edit employee details" classname="Scenario: Admin user Edit/Delete Employee" time="0"/>
  <testcase name="And the data should change in the table" classname="Scenario: Admin user Edit/Delete Employee" time="0"/>
  <testcase name="When I click the Action X" classname="Scenario: Admin user Edit/Delete Employee" time="0"/>
  <testcase name="Then the employee should be deleted" classname="Scenario: Admin user Edit/Delete Employee" time="0"/>
</testsuite>